#
# A fatal error has been detected by the Java Runtime Environment:
#
#  Internal Error (javaClasses.cpp:136), pid=3736, tid=5796
#  fatal error: Invalid layout of preloaded class
#
# JRE version:  (7.0_67-b01) (build )
# Java VM: Java HotSpot(TM) 64-Bit Server VM (24.65-b04 mixed mode windows-amd64 compressed oops)
# Failed to write core dump. Minidumps are not enabled by default on client versions of Windows
#
# If you would like to submit a bug report, please visit:
#   http://bugreport.sun.com/bugreport/crash.jsp
#

---------------  T H R E A D  ---------------

Current thread (0x0000000001eb0800):  JavaThread "Unknown thread" [_thread_in_vm, id=5796, stack(0x0000000001db0000,0x0000000001eb0000)]

Stack: [0x0000000001db0000,0x0000000001eb0000]
[error occurred during error reporting (printing stack bounds), id 0xc0000005]


---------------  P R O C E S S  ---------------

Java Threads: ( => current thread )

Other Threads:

=>0x0000000001eb0800 (exited) JavaThread "Unknown thread" [_thread_in_vm, id=5796, stack(0x0000000001db0000,0x0000000001eb0000)]

VM state:not at safepoint (not fully initialized)

VM Mutex/Monitor currently owned by a thread: None

GC Heap History (0 events):
No events

Deoptimization events (0 events):
No events

Internal exceptions (0 events):
No events

Events (10 events):
Event: 0.020 loading class 0x0000000001f00aa0 done
Event: 0.020 loading class 0x0000000001f004c0 done
Event: 0.020 loading class 0x0000000001f004a0
Event: 0.020 loading class 0x0000000001f085f0
Event: 0.020 loading class 0x0000000001f085f0 done
Event: 0.020 loading class 0x0000000001f08620
Event: 0.020 loading class 0x0000000001f08620 done
Event: 0.020 loading class 0x0000000001f08650
Event: 0.020 loading class 0x0000000001f08650 done
Event: 0.020 loading class 0x0000000001f004a0 done


Dynamic libraries:
0x000007f7a90d0000 - 0x000007f7a9103000 	C:\Program Files\Java\jre7\bin\javaw.exe
0x000007fa94c40000 - 0x000007fa94dfe000 	C:\Windows\SYSTEM32\ntdll.dll
0x000007fa92d80000 - 0x000007fa92eb7000 	C:\Windows\system32\KERNEL32.DLL
0x000007fa91be0000 - 0x000007fa91cd4000 	C:\Windows\system32\KERNELBASE.dll
0x000007fa930c0000 - 0x000007fa9319e000 	C:\Windows\system32\ADVAPI32.dll
0x000007fa92360000 - 0x000007fa924ac000 	C:\Windows\system32\USER32.dll
0x000007fa914e0000 - 0x000007fa9174a000 	C:\Windows\WinSxS\amd64_microsoft.windows.common-controls_6595b64144ccf1df_6.0.9200.16579_none_418ab7ef718b27ef\COMCTL32.dll
0x000007fa92c60000 - 0x000007fa92d05000 	C:\Windows\system32\msvcrt.dll
0x000007fa92060000 - 0x000007fa920a8000 	C:\Windows\SYSTEM32\sechost.dll
0x000007fa92630000 - 0x000007fa92775000 	C:\Windows\system32\RPCRT4.dll
0x000007fa94ae0000 - 0x000007fa94c21000 	C:\Windows\system32\GDI32.dll
0x000007fa92020000 - 0x000007fa92059000 	C:\Windows\system32\IMM32.DLL
0x000007fa924b0000 - 0x000007fa925c6000 	C:\Windows\system32\MSCTF.dll
0x0000000070220000 - 0x00000000702f2000 	C:\Program Files\Java\jre7\bin\msvcr100.dll
0x000000006fa40000 - 0x0000000070212000 	C:\Program Files\Java\jre7\bin\server\jvm.dll
0x000007fa8ec80000 - 0x000007fa8ec89000 	C:\Windows\SYSTEM32\WSOCK32.dll
0x000007fa90770000 - 0x000007fa90790000 	C:\Windows\SYSTEM32\WINMM.dll
0x000007fa94c30000 - 0x000007fa94c37000 	C:\Windows\system32\PSAPI.DLL
0x000007fa92ec0000 - 0x000007fa92f18000 	C:\Windows\system32\WS2_32.dll
0x000007fa90730000 - 0x000007fa90763000 	C:\Windows\SYSTEM32\WINMMBASE.dll
0x000007fa93720000 - 0x000007fa93729000 	C:\Windows\system32\NSI.dll
0x000007fa91b90000 - 0x000007fa91bdf000 	C:\Windows\SYSTEM32\cfgmgr32.dll
0x000007fa91ce0000 - 0x000007fa91d02000 	C:\Windows\system32\DEVOBJ.dll
0x000000006fa30000 - 0x000000006fa3f000 	C:\Program Files\Java\jre7\bin\verify.dll
0x000000006fa00000 - 0x000000006fa28000 	C:\Program Files\Java\jre7\bin\java.dll
0x000000006f9e0000 - 0x000000006f9f5000 	C:\Program Files\Java\jre7\bin\zip.dll

VM Arguments:
jvm_args: -Dfile.encoding=Cp1252 -Xbootclasspath:C:\adt-bundle-windows-x86_64-20131030\sdk\platforms\android-19\android.jar 
java_command: org.magnum.videoup.client.unsafe.EasyHttpClient
Launcher Type: SUN_STANDARD

Environment Variables:
JAVA_HOME=C:\Program Files\Java\jdk1.7.0_67
PATH=C:\Windows\system32;C:\Windows;C:\Windows\System32\Wbem;C:\Windows\System32\WindowsPowerShell\v1.0\;C:\Program Files\Amazon\AWSCLI\;C:\Python27;C:\Python27\Scripts;C:\Program Files\Java\jdk1.7.0_67\bin;C:\adt-bundle-windows-x86_64-20131030\sdk\platform-tools;C:\adt-bundle-windows-x86_64-20131030\sdk\tools;c:\mongoDB\mongoDB\bin;
USERNAME=BANARASI
OS=Windows_NT
PROCESSOR_IDENTIFIER=Intel64 Family 6 Model 58 Stepping 9, GenuineIntel



---------------  S Y S T E M  ---------------

OS: Windows 8 , 64 bit Build 9200 

CPU:total 8 (4 cores per cpu, 2 threads per core) family 6 model 58 stepping 9, cmov, cx8, fxsr, mmx, sse, sse2, sse3, ssse3, sse4.1, sse4.2, popcnt, avx, aes, erms, ht, tsc, tscinvbit, tscinv

Memory: 4k page, physical 8260968k(4285140k free), swap 16649576k(11062900k free)

vm_info: Java HotSpot(TM) 64-Bit Server VM (24.65-b04) for windows-amd64 JRE (1.7.0_67-b01), built on Jul 25 2014 08:55:00 by "java_re" with unknown MS VC++:1600

time: Tue Oct 21 15:17:10 2014
elapsed time: 0 seconds

