#
# A fatal error has been detected by the Java Runtime Environment:
#
#  Internal Error (javaClasses.cpp:136), pid=5944, tid=2384
#  fatal error: Invalid layout of preloaded class
#
# JRE version:  (7.0_67-b01) (build )
# Java VM: Java HotSpot(TM) 64-Bit Server VM (24.65-b04 mixed mode windows-amd64 compressed oops)
# Failed to write core dump. Minidumps are not enabled by default on client versions of Windows
#
# If you would like to submit a bug report, please visit:
#   http://bugreport.sun.com/bugreport/crash.jsp
#

---------------  T H R E A D  ---------------

Current thread (0x0000000002540800):  JavaThread "Unknown thread" [_thread_in_vm, id=2384, stack(0x00000000023d0000,0x00000000024d0000)]

Stack: [0x00000000023d0000,0x00000000024d0000]
[error occurred during error reporting (printing stack bounds), id 0xc0000005]


---------------  P R O C E S S  ---------------

Java Threads: ( => current thread )

Other Threads:

=>0x0000000002540800 (exited) JavaThread "Unknown thread" [_thread_in_vm, id=2384, stack(0x00000000023d0000,0x00000000024d0000)]

VM state:not at safepoint (not fully initialized)

VM Mutex/Monitor currently owned by a thread: None

GC Heap History (0 events):
No events

Deoptimization events (0 events):
No events

Internal exceptions (0 events):
No events

Events (10 events):
Event: 0.018 loading class 0x000000000258eaa0 done
Event: 0.019 loading class 0x000000000258e4c0 done
Event: 0.019 loading class 0x000000000258e4a0
Event: 0.019 loading class 0x00000000025965f0
Event: 0.019 loading class 0x00000000025965f0 done
Event: 0.019 loading class 0x0000000002596620
Event: 0.019 loading class 0x0000000002596620 done
Event: 0.019 loading class 0x0000000002596650
Event: 0.019 loading class 0x0000000002596650 done
Event: 0.019 loading class 0x000000000258e4a0 done


Dynamic libraries:
0x000007f634de0000 - 0x000007f634e13000 	C:\Program Files\Java\jre7\bin\javaw.exe
0x000007fca8630000 - 0x000007fca87ee000 	C:\Windows\SYSTEM32\ntdll.dll
0x000007fca5c50000 - 0x000007fca5d87000 	C:\Windows\system32\KERNEL32.DLL
0x000007fca55a0000 - 0x000007fca5694000 	C:\Windows\system32\KERNELBASE.dll
0x000007fca6280000 - 0x000007fca635e000 	C:\Windows\system32\ADVAPI32.dll
0x000007fca81e0000 - 0x000007fca832c000 	C:\Windows\system32\USER32.dll
0x000007fca2f30000 - 0x000007fca319a000 	C:\Windows\WinSxS\amd64_microsoft.windows.common-controls_6595b64144ccf1df_6.0.9200.16579_none_418ab7ef718b27ef\COMCTL32.dll
0x000007fca7bb0000 - 0x000007fca7c55000 	C:\Windows\system32\msvcrt.dll
0x000007fca7940000 - 0x000007fca7988000 	C:\Windows\SYSTEM32\sechost.dll
0x000007fca8330000 - 0x000007fca8475000 	C:\Windows\system32\RPCRT4.dll
0x000007fca8090000 - 0x000007fca81d1000 	C:\Windows\system32\GDI32.dll
0x000007fca6240000 - 0x000007fca6279000 	C:\Windows\system32\IMM32.DLL
0x000007fca7c60000 - 0x000007fca7d76000 	C:\Windows\system32\MSCTF.dll
0x00000000761b0000 - 0x0000000076282000 	C:\Program Files\Java\jre7\bin\msvcr100.dll
0x00000000759d0000 - 0x00000000761a2000 	C:\Program Files\Java\jre7\bin\server\jvm.dll
0x000007fca2820000 - 0x000007fca2829000 	C:\Windows\SYSTEM32\WSOCK32.dll
0x000007fc99960000 - 0x000007fc99980000 	C:\Windows\SYSTEM32\WINMM.dll
0x000007fca7b00000 - 0x000007fca7b07000 	C:\Windows\system32\PSAPI.DLL
0x000007fca61d0000 - 0x000007fca6228000 	C:\Windows\system32\WS2_32.dll
0x000007fc985a0000 - 0x000007fc985d3000 	C:\Windows\SYSTEM32\WINMMBASE.dll
0x000007fca7f20000 - 0x000007fca7f29000 	C:\Windows\system32\NSI.dll
0x000007fca5930000 - 0x000007fca597f000 	C:\Windows\SYSTEM32\cfgmgr32.dll
0x000007fca59e0000 - 0x000007fca5a02000 	C:\Windows\system32\DEVOBJ.dll
0x00000000759c0000 - 0x00000000759cf000 	C:\Program Files\Java\jre7\bin\verify.dll
0x0000000075990000 - 0x00000000759b8000 	C:\Program Files\Java\jre7\bin\java.dll
0x0000000075970000 - 0x0000000075985000 	C:\Program Files\Java\jre7\bin\zip.dll

VM Arguments:
jvm_args: -Dfile.encoding=Cp1252 -Xbootclasspath:C:\adt-bundle-windows-x86_64-20131030\sdk\platforms\android-19\android.jar 
java_command: org.magnum.videoup.client.unsafe.EasyHttpClient
Launcher Type: SUN_STANDARD

Environment Variables:
JAVA_HOME=C:\Program Files\Java\jdk1.7.0_67
PATH=C:\Windows\system32;C:\Windows;C:\Windows\System32\Wbem;C:\Windows\System32\WindowsPowerShell\v1.0\;C:\Program Files\Amazon\AWSCLI\;C:\Python27;C:\Python27\Scripts;C:\Program Files\Java\jdk1.7.0_67\bin;C:\adt-bundle-windows-x86_64-20131030\sdk\platform-tools;C:\adt-bundle-windows-x86_64-20131030\sdk\tools;c:\mongoDB\mongoDB\bin;
USERNAME=BANARASI
OS=Windows_NT
PROCESSOR_IDENTIFIER=Intel64 Family 6 Model 58 Stepping 9, GenuineIntel



---------------  S Y S T E M  ---------------

OS: Windows 8 , 64 bit Build 9200 

CPU:total 8 (4 cores per cpu, 2 threads per core) family 6 model 58 stepping 9, cmov, cx8, fxsr, mmx, sse, sse2, sse3, ssse3, sse4.1, sse4.2, popcnt, avx, aes, erms, ht, tsc, tscinvbit, tscinv

Memory: 4k page, physical 8260968k(5598252k free), swap 16649576k(12761188k free)

vm_info: Java HotSpot(TM) 64-Bit Server VM (24.65-b04) for windows-amd64 JRE (1.7.0_67-b01), built on Jul 25 2014 08:55:00 by "java_re" with unknown MS VC++:1600

time: Wed Oct 29 11:48:55 2014
elapsed time: 0 seconds

